==========================================
SLURM_CLUSTER_NAME = param-shakti
SLURM_JOB_ACCOUNT = somnathph
SLURM_JOB_ID = 1158299
SLURM_JOB_NAME = yolo_train
SLURM_JOB_NODELIST = gpu008
SLURM_JOB_USER = 21ph10008
SLURM_JOB_UID = 8006
SLURM_JOB_PARTITION = gpu
SLURM_TASK_PID = 33270
SLURM_SUBMIT_DIR = /scratch/21ph10008
SLURM_CPUS_ON_NODE = 8
SLURM_NTASKS = 
SLURM_TASK_PID = 33270
==========================================
=== ENVIRONMENT CHECK ===
Mon Apr  7 01:35:55 2025       
+-----------------------------------------------------------------------------+
| NVIDIA-SMI 515.57       Driver Version: 515.57       CUDA Version: 11.7     |
|-------------------------------+----------------------+----------------------+
| GPU  Name        Persistence-M| Bus-Id        Disp.A | Volatile Uncorr. ECC |
| Fan  Temp  Perf  Pwr:Usage/Cap|         Memory-Usage | GPU-Util  Compute M. |
|                               |                      |               MIG M. |
|===============================+======================+======================|
|   0  Tesla V100-PCIE...  Off  | 00000000:5E:00.0 Off |                    0 |
| N/A   30C    P0    35W / 250W |      0MiB / 16384MiB |      2%      Default |
|                               |                      |                  N/A |
+-------------------------------+----------------------+----------------------+
                                                                               
+-----------------------------------------------------------------------------+
| Processes:                                                                  |
|  GPU   GI   CI        PID   Type   Process name                  GPU Memory |
|        ID   ID                                                   Usage      |
|=============================================================================|
|  No running processes found                                                 |
+-----------------------------------------------------------------------------+
PyTorch: 2.0.1+cu117 | CUDA: 11.7
Ultralytics import success
=========================
Ultralytics 8.3.101 🚀 Python-3.10.13 torch-2.0.1+cu117 CUDA:0 (Tesla V100-PCIE-16GB, 16161MiB)
[34m[1mengine/trainer: [0mtask=detect, mode=train, model=/scratch/21ph10008/yolo11n.pt, data=/scratch/21ph10008/config.yaml, epochs=400, time=None, patience=100, batch=16, imgsz=640, save=True, save_period=-1, cache=False, device=0, workers=8, project=/scratch/21ph10008/runs, name=train_btp_model, exist_ok=False, pretrained=True, optimizer=auto, verbose=True, seed=0, deterministic=True, single_cls=False, rect=False, cos_lr=False, close_mosaic=10, resume=False, amp=True, fraction=1.0, profile=False, freeze=None, multi_scale=False, overlap_mask=True, mask_ratio=4, dropout=0.0, val=True, split=val, save_json=False, save_hybrid=False, conf=None, iou=0.7, max_det=300, half=False, dnn=False, plots=True, source=None, vid_stride=1, stream_buffer=False, visualize=False, augment=False, agnostic_nms=False, classes=None, retina_masks=False, embed=None, show=False, save_frames=False, save_txt=False, save_conf=False, save_crop=False, show_labels=True, show_conf=True, show_boxes=True, line_width=None, format=torchscript, keras=False, optimize=False, int8=False, dynamic=False, simplify=True, opset=None, workspace=None, nms=False, lr0=0.01, lrf=0.01, momentum=0.937, weight_decay=0.0005, warmup_epochs=3.0, warmup_momentum=0.8, warmup_bias_lr=0.1, box=7.5, cls=0.5, dfl=1.5, pose=12.0, kobj=1.0, nbs=64, hsv_h=0.015, hsv_s=0.7, hsv_v=0.4, degrees=0.0, translate=0.1, scale=0.5, shear=0.0, perspective=0.0, flipud=0.0, fliplr=0.5, bgr=0.0, mosaic=1.0, mixup=0.0, copy_paste=0.0, copy_paste_mode=flip, auto_augment=randaugment, erasing=0.4, crop_fraction=1.0, cfg=None, tracker=botsort.yaml, save_dir=/scratch/21ph10008/runs/train_btp_model
Overriding model.yaml nc=80 with nc=1

                   from  n    params  module                                       arguments                     
  0                  -1  1       464  ultralytics.nn.modules.conv.Conv             [3, 16, 3, 2]                 
  1                  -1  1      4672  ultralytics.nn.modules.conv.Conv             [16, 32, 3, 2]                
  2                  -1  1      6640  ultralytics.nn.modules.block.C3k2            [32, 64, 1, False, 0.25]      
  3                  -1  1     36992  ultralytics.nn.modules.conv.Conv             [64, 64, 3, 2]                
  4                  -1  1     26080  ultralytics.nn.modules.block.C3k2            [64, 128, 1, False, 0.25]     
  5                  -1  1    147712  ultralytics.nn.modules.conv.Conv             [128, 128, 3, 2]              
  6                  -1  1     87040  ultralytics.nn.modules.block.C3k2            [128, 128, 1, True]           
  7                  -1  1    295424  ultralytics.nn.modules.conv.Conv             [128, 256, 3, 2]              
  8                  -1  1    346112  ultralytics.nn.modules.block.C3k2            [256, 256, 1, True]           
  9                  -1  1    164608  ultralytics.nn.modules.block.SPPF            [256, 256, 5]                 
 10                  -1  1    249728  ultralytics.nn.modules.block.C2PSA           [256, 256, 1]                 
 11                  -1  1         0  torch.nn.modules.upsampling.Upsample         [None, 2, 'nearest']          
 12             [-1, 6]  1         0  ultralytics.nn.modules.conv.Concat           [1]                           
 13                  -1  1    111296  ultralytics.nn.modules.block.C3k2            [384, 128, 1, False]          
 14                  -1  1         0  torch.nn.modules.upsampling.Upsample         [None, 2, 'nearest']          
 15             [-1, 4]  1         0  ultralytics.nn.modules.conv.Concat           [1]                           
 16                  -1  1     32096  ultralytics.nn.modules.block.C3k2            [256, 64, 1, False]           
 17                  -1  1     36992  ultralytics.nn.modules.conv.Conv             [64, 64, 3, 2]                
 18            [-1, 13]  1         0  ultralytics.nn.modules.conv.Concat           [1]                           
 19                  -1  1     86720  ultralytics.nn.modules.block.C3k2            [192, 128, 1, False]          
 20                  -1  1    147712  ultralytics.nn.modules.conv.Conv             [128, 128, 3, 2]              
 21            [-1, 10]  1         0  ultralytics.nn.modules.conv.Concat           [1]                           
 22                  -1  1    378880  ultralytics.nn.modules.block.C3k2            [384, 256, 1, True]           
 23        [16, 19, 22]  1    430867  ultralytics.nn.modules.head.Detect           [1, [64, 128, 256]]           
YOLO11n summary: 181 layers, 2,590,035 parameters, 2,590,019 gradients, 6.4 GFLOPs

Transferred 448/499 items from pretrained weights
Freezing layer 'model.23.dfl.conv.weight'
[34m[1mAMP: [0mrunning Automatic Mixed Precision (AMP) checks...
[34m[1mAMP: [0mchecks passed ✅
[34m[1mtrain: [0mNew cache created: /scratch/21ph10008/data/train/labels.cache
[34m[1mval: [0mNew cache created: /scratch/21ph10008/data/val/labels.cache
Plotting labels to /scratch/21ph10008/runs/train_btp_model/labels.jpg... 
[34m[1moptimizer:[0m 'optimizer=auto' found, ignoring 'lr0=0.01' and 'momentum=0.937' and determining best 'optimizer', 'lr0' and 'momentum' automatically... 
[34m[1moptimizer:[0m AdamW(lr=0.002, momentum=0.9) with parameter groups 81 weight(decay=0.0), 88 weight(decay=0.0005), 87 bias(decay=0.0)
Image sizes 640 train, 640 val
Using 8 dataloader workers
Logging results to [1m/scratch/21ph10008/runs/train_btp_model[0m
Starting training for 400 epochs...

      Epoch    GPU_mem   box_loss   cls_loss   dfl_loss  Instances       Size
                   all        173         85      0.185      0.259      0.171     0.0834

      Epoch    GPU_mem   box_loss   cls_loss   dfl_loss  Instances       Size
                   all        173         85      0.293      0.351      0.217     0.0588

      Epoch    GPU_mem   box_loss   cls_loss   dfl_loss  Instances       Size
                   all        173         85      0.187      0.133     0.0587     0.0233

      Epoch    GPU_mem   box_loss   cls_loss   dfl_loss  Instances       Size
                   all        173         85      0.263      0.553      0.269      0.136

      Epoch    GPU_mem   box_loss   cls_loss   dfl_loss  Instances       Size
                   all        173         85      0.403      0.647      0.399       0.19

      Epoch    GPU_mem   box_loss   cls_loss   dfl_loss  Instances       Size
                   all        173         85      0.435      0.482      0.366      0.182

      Epoch    GPU_mem   box_loss   cls_loss   dfl_loss  Instances       Size
                   all        173         85      0.377      0.661       0.37      0.181

      Epoch    GPU_mem   box_loss   cls_loss   dfl_loss  Instances       Size
                   all        173         85        0.4      0.671      0.478       0.21

      Epoch    GPU_mem   box_loss   cls_loss   dfl_loss  Instances       Size
                   all        173         85      0.472      0.459      0.436      0.234

      Epoch    GPU_mem   box_loss   cls_loss   dfl_loss  Instances       Size
                   all        173         85      0.561      0.671      0.596      0.307

      Epoch    GPU_mem   box_loss   cls_loss   dfl_loss  Instances       Size
                   all        173         85      0.542      0.541      0.567      0.305

      Epoch    GPU_mem   box_loss   cls_loss   dfl_loss  Instances       Size
                   all        173         85      0.443      0.787       0.51      0.307

      Epoch    GPU_mem   box_loss   cls_loss   dfl_loss  Instances       Size
                   all        173         85      0.537      0.694      0.608      0.346

      Epoch    GPU_mem   box_loss   cls_loss   dfl_loss  Instances       Size
                   all        173         85      0.459      0.728      0.565      0.329

      Epoch    GPU_mem   box_loss   cls_loss   dfl_loss  Instances       Size
                   all        173         85      0.503      0.671      0.556      0.287

      Epoch    GPU_mem   box_loss   cls_loss   dfl_loss  Instances       Size
                   all        173         85      0.448      0.847       0.54      0.292

      Epoch    GPU_mem   box_loss   cls_loss   dfl_loss  Instances       Size
                   all        173         85      0.583      0.671      0.617      0.354

      Epoch    GPU_mem   box_loss   cls_loss   dfl_loss  Instances       Size
                   all        173         85      0.496      0.706      0.593      0.337

      Epoch    GPU_mem   box_loss   cls_loss   dfl_loss  Instances       Size
                   all        173         85      0.523      0.706      0.597      0.343

      Epoch    GPU_mem   box_loss   cls_loss   dfl_loss  Instances       Size
                   all        173         85      0.629       0.62      0.654      0.373

      Epoch    GPU_mem   box_loss   cls_loss   dfl_loss  Instances       Size
                   all        173         85      0.496      0.719      0.589      0.328

      Epoch    GPU_mem   box_loss   cls_loss   dfl_loss  Instances       Size
                   all        173         85      0.556      0.634      0.511      0.257

      Epoch    GPU_mem   box_loss   cls_loss   dfl_loss  Instances       Size
                   all        173         85      0.461      0.694      0.554      0.313

      Epoch    GPU_mem   box_loss   cls_loss   dfl_loss  Instances       Size
                   all        173         85      0.549      0.644      0.584      0.372

      Epoch    GPU_mem   box_loss   cls_loss   dfl_loss  Instances       Size
                   all        173         85      0.527      0.729      0.603      0.349

      Epoch    GPU_mem   box_loss   cls_loss   dfl_loss  Instances       Size
                   all        173         85       0.45      0.706      0.537      0.289

      Epoch    GPU_mem   box_loss   cls_loss   dfl_loss  Instances       Size
                   all        173         85      0.494      0.828      0.566      0.349

      Epoch    GPU_mem   box_loss   cls_loss   dfl_loss  Instances       Size
                   all        173         85      0.572      0.682      0.637      0.376

      Epoch    GPU_mem   box_loss   cls_loss   dfl_loss  Instances       Size
                   all        173         85      0.557      0.765      0.624      0.372

      Epoch    GPU_mem   box_loss   cls_loss   dfl_loss  Instances       Size
                   all        173         85      0.538      0.753       0.57      0.348

      Epoch    GPU_mem   box_loss   cls_loss   dfl_loss  Instances       Size
                   all        173         85      0.513      0.541       0.53      0.312

      Epoch    GPU_mem   box_loss   cls_loss   dfl_loss  Instances       Size
                   all        173         85      0.521      0.671       0.55      0.303

      Epoch    GPU_mem   box_loss   cls_loss   dfl_loss  Instances       Size
                   all        173         85      0.513      0.755      0.619      0.381

      Epoch    GPU_mem   box_loss   cls_loss   dfl_loss  Instances       Size
                   all        173         85      0.487      0.776      0.592      0.366

      Epoch    GPU_mem   box_loss   cls_loss   dfl_loss  Instances       Size
                   all        173         85      0.497      0.776      0.669      0.407

      Epoch    GPU_mem   box_loss   cls_loss   dfl_loss  Instances       Size
                   all        173         85      0.442      0.682      0.566      0.306

      Epoch    GPU_mem   box_loss   cls_loss   dfl_loss  Instances       Size
                   all        173         85      0.571      0.783      0.633      0.377

      Epoch    GPU_mem   box_loss   cls_loss   dfl_loss  Instances       Size
                   all        173         85      0.513      0.718      0.578       0.35

      Epoch    GPU_mem   box_loss   cls_loss   dfl_loss  Instances       Size
                   all        173         85      0.564      0.718      0.614      0.388

      Epoch    GPU_mem   box_loss   cls_loss   dfl_loss  Instances       Size
                   all        173         85      0.507      0.824      0.616      0.347

      Epoch    GPU_mem   box_loss   cls_loss   dfl_loss  Instances       Size
                   all        173         85      0.481      0.751      0.568      0.339

      Epoch    GPU_mem   box_loss   cls_loss   dfl_loss  Instances       Size
                   all        173         85      0.526      0.783      0.651      0.371

      Epoch    GPU_mem   box_loss   cls_loss   dfl_loss  Instances       Size
                   all        173         85      0.499        0.8      0.653      0.397

      Epoch    GPU_mem   box_loss   cls_loss   dfl_loss  Instances       Size
                   all        173         85      0.654      0.689      0.674       0.39

      Epoch    GPU_mem   box_loss   cls_loss   dfl_loss  Instances       Size
                   all        173         85      0.529      0.726      0.602      0.323

      Epoch    GPU_mem   box_loss   cls_loss   dfl_loss  Instances       Size
                   all        173         85      0.556      0.839      0.676      0.409

      Epoch    GPU_mem   box_loss   cls_loss   dfl_loss  Instances       Size
                   all        173         85      0.517        0.8      0.646      0.409

      Epoch    GPU_mem   box_loss   cls_loss   dfl_loss  Instances       Size
                   all        173         85      0.633      0.547      0.622      0.337

      Epoch    GPU_mem   box_loss   cls_loss   dfl_loss  Instances       Size
                   all        173         85      0.515        0.8      0.657      0.398

      Epoch    GPU_mem   box_loss   cls_loss   dfl_loss  Instances       Size
                   all        173         85       0.57      0.781      0.671      0.384

      Epoch    GPU_mem   box_loss   cls_loss   dfl_loss  Instances       Size
                   all        173         85      0.575      0.812      0.702      0.432

      Epoch    GPU_mem   box_loss   cls_loss   dfl_loss  Instances       Size
                   all        173         85       0.47      0.835       0.61      0.376

      Epoch    GPU_mem   box_loss   cls_loss   dfl_loss  Instances       Size
                   all        173         85       0.53      0.576      0.595      0.372

      Epoch    GPU_mem   box_loss   cls_loss   dfl_loss  Instances       Size
                   all        173         85      0.541      0.859      0.674      0.407

      Epoch    GPU_mem   box_loss   cls_loss   dfl_loss  Instances       Size
                   all        173         85      0.588      0.655      0.667      0.408

      Epoch    GPU_mem   box_loss   cls_loss   dfl_loss  Instances       Size
                   all        173         85      0.562      0.776      0.648      0.389

      Epoch    GPU_mem   box_loss   cls_loss   dfl_loss  Instances       Size
                   all        173         85      0.544      0.788      0.667      0.418

      Epoch    GPU_mem   box_loss   cls_loss   dfl_loss  Instances       Size
                   all        173         85      0.505      0.894       0.66       0.36

      Epoch    GPU_mem   box_loss   cls_loss   dfl_loss  Instances       Size
                   all        173         85      0.496      0.835       0.63      0.368

      Epoch    GPU_mem   box_loss   cls_loss   dfl_loss  Instances       Size
                   all        173         85      0.582      0.812      0.699       0.41

      Epoch    GPU_mem   box_loss   cls_loss   dfl_loss  Instances       Size
                   all        173         85      0.522      0.796      0.631      0.369

      Epoch    GPU_mem   box_loss   cls_loss   dfl_loss  Instances       Size
                   all        173         85      0.549      0.765      0.613      0.355

      Epoch    GPU_mem   box_loss   cls_loss   dfl_loss  Instances       Size
                   all        173         85      0.508      0.835      0.627      0.378

      Epoch    GPU_mem   box_loss   cls_loss   dfl_loss  Instances       Size
                   all        173         85      0.534      0.729      0.614       0.37

      Epoch    GPU_mem   box_loss   cls_loss   dfl_loss  Instances       Size
                   all        173         85      0.514      0.845      0.644      0.376

      Epoch    GPU_mem   box_loss   cls_loss   dfl_loss  Instances       Size
                   all        173         85      0.509      0.824      0.626      0.378

      Epoch    GPU_mem   box_loss   cls_loss   dfl_loss  Instances       Size
                   all        173         85      0.568      0.871      0.698      0.416

      Epoch    GPU_mem   box_loss   cls_loss   dfl_loss  Instances       Size
                   all        173         85      0.553      0.843      0.681      0.394

      Epoch    GPU_mem   box_loss   cls_loss   dfl_loss  Instances       Size
                   all        173         85      0.568        0.8      0.668      0.413

      Epoch    GPU_mem   box_loss   cls_loss   dfl_loss  Instances       Size
                   all        173         85      0.451      0.847      0.601      0.353

      Epoch    GPU_mem   box_loss   cls_loss   dfl_loss  Instances       Size
                   all        173         85      0.525      0.788      0.665        0.4

      Epoch    GPU_mem   box_loss   cls_loss   dfl_loss  Instances       Size
                   all        173         85      0.519      0.775      0.638      0.388

      Epoch    GPU_mem   box_loss   cls_loss   dfl_loss  Instances       Size
                   all        173         85       0.53      0.716      0.614      0.371

      Epoch    GPU_mem   box_loss   cls_loss   dfl_loss  Instances       Size
                   all        173         85      0.541      0.734      0.628      0.335

      Epoch    GPU_mem   box_loss   cls_loss   dfl_loss  Instances       Size
                   all        173         85      0.502      0.912      0.658      0.413

      Epoch    GPU_mem   box_loss   cls_loss   dfl_loss  Instances       Size
                   all        173         85      0.541      0.753      0.626      0.367

      Epoch    GPU_mem   box_loss   cls_loss   dfl_loss  Instances       Size
                   all        173         85      0.516      0.824      0.653      0.391

      Epoch    GPU_mem   box_loss   cls_loss   dfl_loss  Instances       Size
                   all        173         85      0.605      0.729      0.678      0.423

      Epoch    GPU_mem   box_loss   cls_loss   dfl_loss  Instances       Size
                   all        173         85      0.525        0.8      0.645      0.381

      Epoch    GPU_mem   box_loss   cls_loss   dfl_loss  Instances       Size
                   all        173         85       0.52        0.8      0.619      0.387

      Epoch    GPU_mem   box_loss   cls_loss   dfl_loss  Instances       Size
                   all        173         85      0.558      0.788      0.648      0.394

      Epoch    GPU_mem   box_loss   cls_loss   dfl_loss  Instances       Size
                   all        173         85      0.469      0.741      0.592      0.361

      Epoch    GPU_mem   box_loss   cls_loss   dfl_loss  Instances       Size
                   all        173         85       0.56      0.835      0.683      0.418

      Epoch    GPU_mem   box_loss   cls_loss   dfl_loss  Instances       Size
                   all        173         85      0.533      0.752      0.612      0.379

      Epoch    GPU_mem   box_loss   cls_loss   dfl_loss  Instances       Size
                   all        173         85      0.557      0.753      0.623      0.392

      Epoch    GPU_mem   box_loss   cls_loss   dfl_loss  Instances       Size
                   all        173         85       0.53      0.811      0.621      0.385

      Epoch    GPU_mem   box_loss   cls_loss   dfl_loss  Instances       Size
                   all        173         85      0.598      0.741      0.631      0.402

      Epoch    GPU_mem   box_loss   cls_loss   dfl_loss  Instances       Size
                   all        173         85      0.601      0.788      0.696      0.407

      Epoch    GPU_mem   box_loss   cls_loss   dfl_loss  Instances       Size
                   all        173         85       0.62      0.741        0.7      0.419

      Epoch    GPU_mem   box_loss   cls_loss   dfl_loss  Instances       Size
                   all        173         85      0.508      0.849      0.622      0.381

      Epoch    GPU_mem   box_loss   cls_loss   dfl_loss  Instances       Size
                   all        173         85      0.512      0.803      0.647        0.4

      Epoch    GPU_mem   box_loss   cls_loss   dfl_loss  Instances       Size
                   all        173         85      0.563      0.765      0.674      0.415

      Epoch    GPU_mem   box_loss   cls_loss   dfl_loss  Instances       Size
                   all        173         85      0.559      0.659       0.61      0.362

      Epoch    GPU_mem   box_loss   cls_loss   dfl_loss  Instances       Size
                   all        173         85      0.537      0.765      0.633      0.381

      Epoch    GPU_mem   box_loss   cls_loss   dfl_loss  Instances       Size
                   all        173         85      0.515      0.929      0.674      0.402

      Epoch    GPU_mem   box_loss   cls_loss   dfl_loss  Instances       Size
                   all        173         85      0.549      0.872      0.686      0.425

      Epoch    GPU_mem   box_loss   cls_loss   dfl_loss  Instances       Size
                   all        173         85      0.539      0.948      0.663      0.418

      Epoch    GPU_mem   box_loss   cls_loss   dfl_loss  Instances       Size
                   all        173         85      0.565      0.871      0.722      0.452

      Epoch    GPU_mem   box_loss   cls_loss   dfl_loss  Instances       Size
                   all        173         85      0.535      0.718        0.7      0.439

      Epoch    GPU_mem   box_loss   cls_loss   dfl_loss  Instances       Size
                   all        173         85      0.565      0.882      0.689      0.409

      Epoch    GPU_mem   box_loss   cls_loss   dfl_loss  Instances       Size
                   all        173         85      0.554        0.8       0.65      0.392

      Epoch    GPU_mem   box_loss   cls_loss   dfl_loss  Instances       Size
                   all        173         85      0.501      0.776      0.647      0.406

      Epoch    GPU_mem   box_loss   cls_loss   dfl_loss  Instances       Size
                   all        173         85        0.5      0.765      0.602      0.362

      Epoch    GPU_mem   box_loss   cls_loss   dfl_loss  Instances       Size
                   all        173         85      0.527      0.824      0.641      0.407

      Epoch    GPU_mem   box_loss   cls_loss   dfl_loss  Instances       Size
                   all        173         85      0.589      0.718      0.657       0.41

      Epoch    GPU_mem   box_loss   cls_loss   dfl_loss  Instances       Size
                   all        173         85      0.606      0.682      0.666      0.407

      Epoch    GPU_mem   box_loss   cls_loss   dfl_loss  Instances       Size
                   all        173         85      0.529        0.8       0.65      0.402

      Epoch    GPU_mem   box_loss   cls_loss   dfl_loss  Instances       Size
                   all        173         85      0.565      0.824        0.7      0.433

      Epoch    GPU_mem   box_loss   cls_loss   dfl_loss  Instances       Size
                   all        173         85      0.537      0.753      0.652      0.413

      Epoch    GPU_mem   box_loss   cls_loss   dfl_loss  Instances       Size
                   all        173         85      0.555      0.776      0.725      0.438

      Epoch    GPU_mem   box_loss   cls_loss   dfl_loss  Instances       Size
                   all        173         85       0.49      0.871      0.669      0.413

      Epoch    GPU_mem   box_loss   cls_loss   dfl_loss  Instances       Size
                   all        173         85      0.537        0.8      0.671      0.423

      Epoch    GPU_mem   box_loss   cls_loss   dfl_loss  Instances       Size
                   all        173         85      0.562      0.812      0.648      0.387

      Epoch    GPU_mem   box_loss   cls_loss   dfl_loss  Instances       Size
                   all        173         85      0.483      0.847      0.603      0.378

      Epoch    GPU_mem   box_loss   cls_loss   dfl_loss  Instances       Size
                   all        173         85      0.479      0.864      0.678      0.423

      Epoch    GPU_mem   box_loss   cls_loss   dfl_loss  Instances       Size
                   all        173         85      0.585        0.8      0.643      0.383

      Epoch    GPU_mem   box_loss   cls_loss   dfl_loss  Instances       Size
                   all        173         85      0.549      0.859      0.705      0.437

      Epoch    GPU_mem   box_loss   cls_loss   dfl_loss  Instances       Size
                   all        173         85      0.523      0.694      0.668      0.422

      Epoch    GPU_mem   box_loss   cls_loss   dfl_loss  Instances       Size
                   all        173         85      0.522      0.871      0.662      0.408

      Epoch    GPU_mem   box_loss   cls_loss   dfl_loss  Instances       Size
                   all        173         85       0.53      0.822      0.667       0.43

      Epoch    GPU_mem   box_loss   cls_loss   dfl_loss  Instances       Size
                   all        173         85       0.52      0.765      0.604       0.37

      Epoch    GPU_mem   box_loss   cls_loss   dfl_loss  Instances       Size
                   all        173         85      0.514      0.845       0.64      0.397

      Epoch    GPU_mem   box_loss   cls_loss   dfl_loss  Instances       Size
                   all        173         85      0.505      0.847      0.659      0.411

      Epoch    GPU_mem   box_loss   cls_loss   dfl_loss  Instances       Size
                   all        173         85      0.542      0.849      0.709       0.45

      Epoch    GPU_mem   box_loss   cls_loss   dfl_loss  Instances       Size
                   all        173         85      0.529      0.788      0.664      0.433

      Epoch    GPU_mem   box_loss   cls_loss   dfl_loss  Instances       Size
                   all        173         85      0.533        0.8      0.647        0.4

      Epoch    GPU_mem   box_loss   cls_loss   dfl_loss  Instances       Size
                   all        173         85      0.549      0.765       0.65       0.38

      Epoch    GPU_mem   box_loss   cls_loss   dfl_loss  Instances       Size
                   all        173         85      0.515      0.729      0.557      0.351

      Epoch    GPU_mem   box_loss   cls_loss   dfl_loss  Instances       Size
                   all        173         85      0.513      0.718      0.642      0.401

      Epoch    GPU_mem   box_loss   cls_loss   dfl_loss  Instances       Size
                   all        173         85      0.567        0.8      0.703      0.422

      Epoch    GPU_mem   box_loss   cls_loss   dfl_loss  Instances       Size
                   all        173         85      0.508      0.912      0.661      0.416

      Epoch    GPU_mem   box_loss   cls_loss   dfl_loss  Instances       Size
                   all        173         85      0.566      0.729       0.69      0.434

      Epoch    GPU_mem   box_loss   cls_loss   dfl_loss  Instances       Size
                   all        173         85      0.548      0.857      0.667      0.398

      Epoch    GPU_mem   box_loss   cls_loss   dfl_loss  Instances       Size
                   all        173         85      0.565      0.835      0.657      0.395

      Epoch    GPU_mem   box_loss   cls_loss   dfl_loss  Instances       Size
                   all        173         85      0.545      0.894      0.686      0.401

      Epoch    GPU_mem   box_loss   cls_loss   dfl_loss  Instances       Size
                   all        173         85      0.542      0.788      0.668      0.415

      Epoch    GPU_mem   box_loss   cls_loss   dfl_loss  Instances       Size
                   all        173         85      0.508      0.788      0.669      0.414

      Epoch    GPU_mem   box_loss   cls_loss   dfl_loss  Instances       Size
                   all        173         85       0.56      0.918      0.674      0.402

      Epoch    GPU_mem   box_loss   cls_loss   dfl_loss  Instances       Size
                   all        173         85      0.607      0.746      0.704      0.448

      Epoch    GPU_mem   box_loss   cls_loss   dfl_loss  Instances       Size
                   all        173         85      0.523      0.906      0.663      0.396

      Epoch    GPU_mem   box_loss   cls_loss   dfl_loss  Instances       Size
                   all        173         85      0.558      0.835      0.669      0.411

      Epoch    GPU_mem   box_loss   cls_loss   dfl_loss  Instances       Size
                   all        173         85      0.509      0.927      0.681      0.428

      Epoch    GPU_mem   box_loss   cls_loss   dfl_loss  Instances       Size
                   all        173         85      0.547      0.881      0.683      0.421

      Epoch    GPU_mem   box_loss   cls_loss   dfl_loss  Instances       Size
                   all        173         85      0.497      0.847       0.61       0.39

      Epoch    GPU_mem   box_loss   cls_loss   dfl_loss  Instances       Size
                   all        173         85      0.543        0.8      0.661      0.374

      Epoch    GPU_mem   box_loss   cls_loss   dfl_loss  Instances       Size
                   all        173         85      0.563      0.753      0.686      0.427

      Epoch    GPU_mem   box_loss   cls_loss   dfl_loss  Instances       Size
                   all        173         85      0.602      0.765      0.678      0.427

      Epoch    GPU_mem   box_loss   cls_loss   dfl_loss  Instances       Size
                   all        173         85      0.558      0.835      0.618      0.379

      Epoch    GPU_mem   box_loss   cls_loss   dfl_loss  Instances       Size
                   all        173         85      0.585        0.8      0.648      0.389

      Epoch    GPU_mem   box_loss   cls_loss   dfl_loss  Instances       Size
                   all        173         85      0.592      0.852      0.726      0.435

      Epoch    GPU_mem   box_loss   cls_loss   dfl_loss  Instances       Size
                   all        173         85      0.593      0.857      0.646      0.399

      Epoch    GPU_mem   box_loss   cls_loss   dfl_loss  Instances       Size
                   all        173         85      0.548      0.828      0.626      0.394

      Epoch    GPU_mem   box_loss   cls_loss   dfl_loss  Instances       Size
                   all        173         85      0.579      0.835      0.677      0.425

      Epoch    GPU_mem   box_loss   cls_loss   dfl_loss  Instances       Size
                   all        173         85      0.546      0.882      0.636      0.395

      Epoch    GPU_mem   box_loss   cls_loss   dfl_loss  Instances       Size
                   all        173         85       0.52      0.776      0.592      0.362

      Epoch    GPU_mem   box_loss   cls_loss   dfl_loss  Instances       Size
                   all        173         85      0.536      0.788      0.598      0.376

      Epoch    GPU_mem   box_loss   cls_loss   dfl_loss  Instances       Size
                   all        173         85      0.564      0.792      0.596      0.373

      Epoch    GPU_mem   box_loss   cls_loss   dfl_loss  Instances       Size
                   all        173         85      0.505      0.894      0.635      0.393

      Epoch    GPU_mem   box_loss   cls_loss   dfl_loss  Instances       Size
                   all        173         85      0.514      0.753      0.638      0.391

      Epoch    GPU_mem   box_loss   cls_loss   dfl_loss  Instances       Size
                   all        173         85      0.553      0.906      0.665      0.393

      Epoch    GPU_mem   box_loss   cls_loss   dfl_loss  Instances       Size
                   all        173         85      0.593      0.788      0.627      0.377

      Epoch    GPU_mem   box_loss   cls_loss   dfl_loss  Instances       Size
                   all        173         85      0.548      0.871      0.648      0.399

      Epoch    GPU_mem   box_loss   cls_loss   dfl_loss  Instances       Size
                   all        173         85      0.552      0.824      0.667       0.41

      Epoch    GPU_mem   box_loss   cls_loss   dfl_loss  Instances       Size
                   all        173         85      0.606      0.797      0.618      0.395

      Epoch    GPU_mem   box_loss   cls_loss   dfl_loss  Instances       Size
                   all        173         85      0.602      0.711      0.645      0.407

      Epoch    GPU_mem   box_loss   cls_loss   dfl_loss  Instances       Size
                   all        173         85      0.529      0.899      0.651      0.392

      Epoch    GPU_mem   box_loss   cls_loss   dfl_loss  Instances       Size
                   all        173         85       0.54      0.815      0.613      0.385

      Epoch    GPU_mem   box_loss   cls_loss   dfl_loss  Instances       Size
                   all        173         85      0.519      0.888      0.689      0.417

      Epoch    GPU_mem   box_loss   cls_loss   dfl_loss  Instances       Size
                   all        173         85      0.629      0.671      0.689      0.417

      Epoch    GPU_mem   box_loss   cls_loss   dfl_loss  Instances       Size
                   all        173         85      0.581      0.812      0.721      0.436

      Epoch    GPU_mem   box_loss   cls_loss   dfl_loss  Instances       Size
                   all        173         85      0.562      0.824      0.641      0.373

      Epoch    GPU_mem   box_loss   cls_loss   dfl_loss  Instances       Size
                   all        173         85      0.608      0.731      0.634      0.405

      Epoch    GPU_mem   box_loss   cls_loss   dfl_loss  Instances       Size
                   all        173         85      0.606      0.765      0.673      0.424

      Epoch    GPU_mem   box_loss   cls_loss   dfl_loss  Instances       Size
                   all        173         85      0.561      0.835      0.688      0.439

      Epoch    GPU_mem   box_loss   cls_loss   dfl_loss  Instances       Size
                   all        173         85      0.586      0.824      0.656      0.404

      Epoch    GPU_mem   box_loss   cls_loss   dfl_loss  Instances       Size
                   all        173         85      0.586       0.65      0.649      0.398

      Epoch    GPU_mem   box_loss   cls_loss   dfl_loss  Instances       Size
                   all        173         85      0.539      0.741      0.654      0.402

      Epoch    GPU_mem   box_loss   cls_loss   dfl_loss  Instances       Size
                   all        173         85      0.572      0.833       0.67        0.4

      Epoch    GPU_mem   box_loss   cls_loss   dfl_loss  Instances       Size
                   all        173         85      0.563      0.729       0.65      0.399

      Epoch    GPU_mem   box_loss   cls_loss   dfl_loss  Instances       Size
                   all        173         85      0.643        0.7       0.69      0.427

      Epoch    GPU_mem   box_loss   cls_loss   dfl_loss  Instances       Size
                   all        173         85      0.601      0.635       0.67      0.423

      Epoch    GPU_mem   box_loss   cls_loss   dfl_loss  Instances       Size
                   all        173         85      0.565      0.735      0.635      0.384

      Epoch    GPU_mem   box_loss   cls_loss   dfl_loss  Instances       Size
                   all        173         85      0.589      0.671      0.635      0.401

      Epoch    GPU_mem   box_loss   cls_loss   dfl_loss  Instances       Size
                   all        173         85      0.553      0.741      0.647      0.398

      Epoch    GPU_mem   box_loss   cls_loss   dfl_loss  Instances       Size
                   all        173         85      0.597      0.753      0.704      0.426

      Epoch    GPU_mem   box_loss   cls_loss   dfl_loss  Instances       Size
                   all        173         85      0.568      0.847       0.74       0.45

      Epoch    GPU_mem   box_loss   cls_loss   dfl_loss  Instances       Size
                   all        173         85      0.597      0.854      0.719      0.446

      Epoch    GPU_mem   box_loss   cls_loss   dfl_loss  Instances       Size
                   all        173         85       0.59      0.847      0.672      0.396

      Epoch    GPU_mem   box_loss   cls_loss   dfl_loss  Instances       Size
                   all        173         85      0.579      0.882      0.732      0.449

      Epoch    GPU_mem   box_loss   cls_loss   dfl_loss  Instances       Size
                   all        173         85      0.571      0.909      0.717      0.446

      Epoch    GPU_mem   box_loss   cls_loss   dfl_loss  Instances       Size
                   all        173         85      0.611      0.812      0.718      0.445

      Epoch    GPU_mem   box_loss   cls_loss   dfl_loss  Instances       Size
                   all        173         85      0.592      0.847      0.726      0.468

      Epoch    GPU_mem   box_loss   cls_loss   dfl_loss  Instances       Size
                   all        173         85      0.549      0.859      0.643      0.415

      Epoch    GPU_mem   box_loss   cls_loss   dfl_loss  Instances       Size
                   all        173         85      0.536      0.741      0.666      0.431

      Epoch    GPU_mem   box_loss   cls_loss   dfl_loss  Instances       Size
                   all        173         85      0.559      0.812      0.671      0.415

      Epoch    GPU_mem   box_loss   cls_loss   dfl_loss  Instances       Size
                   all        173         85       0.62      0.808      0.645      0.391

      Epoch    GPU_mem   box_loss   cls_loss   dfl_loss  Instances       Size
                   all        173         85      0.581      0.831      0.684       0.42

      Epoch    GPU_mem   box_loss   cls_loss   dfl_loss  Instances       Size
                   all        173         85      0.589      0.861      0.644      0.404

      Epoch    GPU_mem   box_loss   cls_loss   dfl_loss  Instances       Size
                   all        173         85      0.528       0.83       0.63      0.385

      Epoch    GPU_mem   box_loss   cls_loss   dfl_loss  Instances       Size
                   all        173         85      0.543      0.906       0.62      0.393

      Epoch    GPU_mem   box_loss   cls_loss   dfl_loss  Instances       Size
                   all        173         85      0.566      0.824      0.641      0.408

      Epoch    GPU_mem   box_loss   cls_loss   dfl_loss  Instances       Size
                   all        173         85      0.546      0.871      0.651      0.404

      Epoch    GPU_mem   box_loss   cls_loss   dfl_loss  Instances       Size
                   all        173         85      0.557        0.8      0.594      0.382

      Epoch    GPU_mem   box_loss   cls_loss   dfl_loss  Instances       Size
                   all        173         85      0.597      0.853      0.716      0.446

      Epoch    GPU_mem   box_loss   cls_loss   dfl_loss  Instances       Size
                   all        173         85      0.629      0.788      0.665      0.408

      Epoch    GPU_mem   box_loss   cls_loss   dfl_loss  Instances       Size
                   all        173         85      0.538      0.718      0.654      0.402

      Epoch    GPU_mem   box_loss   cls_loss   dfl_loss  Instances       Size
                   all        173         85      0.581      0.815      0.657      0.406

      Epoch    GPU_mem   box_loss   cls_loss   dfl_loss  Instances       Size
                   all        173         85      0.545      0.812      0.639      0.395

      Epoch    GPU_mem   box_loss   cls_loss   dfl_loss  Instances       Size
                   all        173         85      0.613      0.725      0.634      0.384

      Epoch    GPU_mem   box_loss   cls_loss   dfl_loss  Instances       Size
                   all        173         85      0.577      0.835        0.6      0.372

      Epoch    GPU_mem   box_loss   cls_loss   dfl_loss  Instances       Size
                   all        173         85      0.608        0.8      0.639      0.404

      Epoch    GPU_mem   box_loss   cls_loss   dfl_loss  Instances       Size
                   all        173         85      0.599      0.871      0.735      0.453

      Epoch    GPU_mem   box_loss   cls_loss   dfl_loss  Instances       Size
                   all        173         85       0.55      0.906       0.66      0.421

      Epoch    GPU_mem   box_loss   cls_loss   dfl_loss  Instances       Size
                   all        173         85      0.568      0.894       0.65      0.411

      Epoch    GPU_mem   box_loss   cls_loss   dfl_loss  Instances       Size
                   all        173         85      0.547      0.894      0.628      0.405

      Epoch    GPU_mem   box_loss   cls_loss   dfl_loss  Instances       Size
                   all        173         85      0.554      0.776      0.597      0.385

      Epoch    GPU_mem   box_loss   cls_loss   dfl_loss  Instances       Size
                   all        173         85      0.574      0.812      0.615      0.398

      Epoch    GPU_mem   box_loss   cls_loss   dfl_loss  Instances       Size
                   all        173         85      0.575      0.826      0.667      0.421

      Epoch    GPU_mem   box_loss   cls_loss   dfl_loss  Instances       Size
                   all        173         85      0.616      0.755      0.652      0.402

      Epoch    GPU_mem   box_loss   cls_loss   dfl_loss  Instances       Size
                   all        173         85      0.561      0.874      0.651      0.397

      Epoch    GPU_mem   box_loss   cls_loss   dfl_loss  Instances       Size
                   all        173         85      0.552      0.871      0.599      0.379

      Epoch    GPU_mem   box_loss   cls_loss   dfl_loss  Instances       Size
                   all        173         85      0.552      0.741      0.582      0.372

      Epoch    GPU_mem   box_loss   cls_loss   dfl_loss  Instances       Size
                   all        173         85      0.618      0.776      0.682      0.432

      Epoch    GPU_mem   box_loss   cls_loss   dfl_loss  Instances       Size
                   all        173         85      0.594      0.741      0.586      0.371

      Epoch    GPU_mem   box_loss   cls_loss   dfl_loss  Instances       Size
                   all        173         85      0.578      0.886      0.645      0.404

      Epoch    GPU_mem   box_loss   cls_loss   dfl_loss  Instances       Size
                   all        173         85      0.578      0.788      0.621      0.401

      Epoch    GPU_mem   box_loss   cls_loss   dfl_loss  Instances       Size
                   all        173         85      0.567      0.833      0.644      0.404

      Epoch    GPU_mem   box_loss   cls_loss   dfl_loss  Instances       Size
                   all        173         85      0.539      0.936      0.644      0.411

      Epoch    GPU_mem   box_loss   cls_loss   dfl_loss  Instances       Size
                   all        173         85      0.577        0.8      0.616      0.382

      Epoch    GPU_mem   box_loss   cls_loss   dfl_loss  Instances       Size
                   all        173         85      0.598      0.776      0.627      0.388

      Epoch    GPU_mem   box_loss   cls_loss   dfl_loss  Instances       Size
                   all        173         85      0.565      0.809      0.641      0.402

      Epoch    GPU_mem   box_loss   cls_loss   dfl_loss  Instances       Size
                   all        173         85      0.578      0.812      0.642      0.418

      Epoch    GPU_mem   box_loss   cls_loss   dfl_loss  Instances       Size
                   all        173         85      0.595      0.776       0.65      0.407

      Epoch    GPU_mem   box_loss   cls_loss   dfl_loss  Instances       Size
                   all        173         85      0.545      0.859      0.647        0.4

      Epoch    GPU_mem   box_loss   cls_loss   dfl_loss  Instances       Size
                   all        173         85      0.576      0.871      0.638      0.405

      Epoch    GPU_mem   box_loss   cls_loss   dfl_loss  Instances       Size
                   all        173         85      0.575      0.876        0.7       0.43

      Epoch    GPU_mem   box_loss   cls_loss   dfl_loss  Instances       Size
                   all        173         85      0.582      0.741      0.631      0.397

      Epoch    GPU_mem   box_loss   cls_loss   dfl_loss  Instances       Size
                   all        173         85      0.561      0.798      0.662      0.417

      Epoch    GPU_mem   box_loss   cls_loss   dfl_loss  Instances       Size
                   all        173         85      0.642      0.694      0.684      0.426

      Epoch    GPU_mem   box_loss   cls_loss   dfl_loss  Instances       Size
                   all        173         85      0.553      0.835      0.616      0.388

      Epoch    GPU_mem   box_loss   cls_loss   dfl_loss  Instances       Size
                   all        173         85      0.557      0.827      0.611      0.377

      Epoch    GPU_mem   box_loss   cls_loss   dfl_loss  Instances       Size
                   all        173         85      0.542      0.859      0.614      0.374

      Epoch    GPU_mem   box_loss   cls_loss   dfl_loss  Instances       Size
                   all        173         85      0.556      0.841      0.633      0.392

      Epoch    GPU_mem   box_loss   cls_loss   dfl_loss  Instances       Size
                   all        173         85      0.601      0.833      0.636        0.4

      Epoch    GPU_mem   box_loss   cls_loss   dfl_loss  Instances       Size
                   all        173         85      0.609      0.824      0.683      0.433

      Epoch    GPU_mem   box_loss   cls_loss   dfl_loss  Instances       Size
                   all        173         85      0.605      0.812      0.679      0.429

      Epoch    GPU_mem   box_loss   cls_loss   dfl_loss  Instances       Size
                   all        173         85      0.557      0.788      0.643      0.413

      Epoch    GPU_mem   box_loss   cls_loss   dfl_loss  Instances       Size
                   all        173         85      0.559      0.835      0.607       0.38

      Epoch    GPU_mem   box_loss   cls_loss   dfl_loss  Instances       Size
                   all        173         85      0.601      0.799      0.624      0.382

      Epoch    GPU_mem   box_loss   cls_loss   dfl_loss  Instances       Size
                   all        173         85      0.592      0.753      0.641      0.399

      Epoch    GPU_mem   box_loss   cls_loss   dfl_loss  Instances       Size
                   all        173         85      0.579      0.765      0.624      0.405

      Epoch    GPU_mem   box_loss   cls_loss   dfl_loss  Instances       Size
                   all        173         85      0.641      0.839      0.675      0.426

      Epoch    GPU_mem   box_loss   cls_loss   dfl_loss  Instances       Size
                   all        173         85       0.58      0.871       0.66      0.414

      Epoch    GPU_mem   box_loss   cls_loss   dfl_loss  Instances       Size
                   all        173         85       0.61      0.774      0.605      0.382

      Epoch    GPU_mem   box_loss   cls_loss   dfl_loss  Instances       Size
                   all        173         85       0.63      0.824      0.656      0.409

      Epoch    GPU_mem   box_loss   cls_loss   dfl_loss  Instances       Size
                   all        173         85      0.612      0.835      0.677      0.423

      Epoch    GPU_mem   box_loss   cls_loss   dfl_loss  Instances       Size
                   all        173         85      0.597      0.835      0.649      0.417

      Epoch    GPU_mem   box_loss   cls_loss   dfl_loss  Instances       Size
                   all        173         85      0.616      0.906      0.646      0.405

      Epoch    GPU_mem   box_loss   cls_loss   dfl_loss  Instances       Size
                   all        173         85      0.612      0.859      0.677      0.413

      Epoch    GPU_mem   box_loss   cls_loss   dfl_loss  Instances       Size
                   all        173         85      0.559      0.812       0.71      0.452

      Epoch    GPU_mem   box_loss   cls_loss   dfl_loss  Instances       Size
                   all        173         85      0.576      0.859      0.656      0.425

      Epoch    GPU_mem   box_loss   cls_loss   dfl_loss  Instances       Size
                   all        173         85      0.602      0.765      0.646      0.412

      Epoch    GPU_mem   box_loss   cls_loss   dfl_loss  Instances       Size
                   all        173         85      0.624      0.741      0.665      0.415

      Epoch    GPU_mem   box_loss   cls_loss   dfl_loss  Instances       Size
                   all        173         85      0.583      0.791      0.616      0.384

      Epoch    GPU_mem   box_loss   cls_loss   dfl_loss  Instances       Size
                   all        173         85      0.644      0.812      0.656      0.411

      Epoch    GPU_mem   box_loss   cls_loss   dfl_loss  Instances       Size
                   all        173         85       0.62      0.806      0.669      0.411

      Epoch    GPU_mem   box_loss   cls_loss   dfl_loss  Instances       Size
                   all        173         85      0.584      0.824      0.635      0.389

      Epoch    GPU_mem   box_loss   cls_loss   dfl_loss  Instances       Size
                   all        173         85       0.62      0.786      0.662      0.411

      Epoch    GPU_mem   box_loss   cls_loss   dfl_loss  Instances       Size
                   all        173         85      0.649      0.824      0.668      0.416

      Epoch    GPU_mem   box_loss   cls_loss   dfl_loss  Instances       Size
                   all        173         85      0.588      0.839      0.653      0.416

      Epoch    GPU_mem   box_loss   cls_loss   dfl_loss  Instances       Size
                   all        173         85      0.603      0.776      0.653      0.427

      Epoch    GPU_mem   box_loss   cls_loss   dfl_loss  Instances       Size
                   all        173         85      0.603      0.776      0.671      0.442

      Epoch    GPU_mem   box_loss   cls_loss   dfl_loss  Instances       Size
                   all        173         85      0.577      0.801      0.675      0.431

      Epoch    GPU_mem   box_loss   cls_loss   dfl_loss  Instances       Size
                   all        173         85      0.607      0.816      0.674      0.426

      Epoch    GPU_mem   box_loss   cls_loss   dfl_loss  Instances       Size
                   all        173         85      0.603      0.839      0.692      0.446

      Epoch    GPU_mem   box_loss   cls_loss   dfl_loss  Instances       Size
                   all        173         85      0.624      0.799      0.704      0.442

      Epoch    GPU_mem   box_loss   cls_loss   dfl_loss  Instances       Size
                   all        173         85      0.648        0.8      0.669      0.416

      Epoch    GPU_mem   box_loss   cls_loss   dfl_loss  Instances       Size
                   all        173         85      0.621      0.871      0.639      0.401

      Epoch    GPU_mem   box_loss   cls_loss   dfl_loss  Instances       Size
                   all        173         85      0.612      0.847       0.69      0.429

      Epoch    GPU_mem   box_loss   cls_loss   dfl_loss  Instances       Size
                   all        173         85      0.635      0.859      0.706      0.439

      Epoch    GPU_mem   box_loss   cls_loss   dfl_loss  Instances       Size
                   all        173         85      0.617      0.814      0.661       0.41

      Epoch    GPU_mem   box_loss   cls_loss   dfl_loss  Instances       Size
                   all        173         85      0.604      0.824      0.632      0.406

      Epoch    GPU_mem   box_loss   cls_loss   dfl_loss  Instances       Size
                   all        173         85      0.611      0.835      0.639      0.412

      Epoch    GPU_mem   box_loss   cls_loss   dfl_loss  Instances       Size
                   all        173         85      0.616        0.8      0.649      0.424

      Epoch    GPU_mem   box_loss   cls_loss   dfl_loss  Instances       Size
                   all        173         85      0.635      0.835      0.667      0.431

      Epoch    GPU_mem   box_loss   cls_loss   dfl_loss  Instances       Size
                   all        173         85      0.643      0.804      0.663      0.416

      Epoch    GPU_mem   box_loss   cls_loss   dfl_loss  Instances       Size
                   all        173         85      0.646      0.812      0.687       0.43

      Epoch    GPU_mem   box_loss   cls_loss   dfl_loss  Instances       Size
                   all        173         85      0.605      0.847      0.635      0.403

      Epoch    GPU_mem   box_loss   cls_loss   dfl_loss  Instances       Size
                   all        173         85      0.662      0.765      0.696      0.439

      Epoch    GPU_mem   box_loss   cls_loss   dfl_loss  Instances       Size
                   all        173         85      0.608      0.847      0.676      0.443

      Epoch    GPU_mem   box_loss   cls_loss   dfl_loss  Instances       Size
                   all        173         85      0.637      0.765      0.685      0.441

      Epoch    GPU_mem   box_loss   cls_loss   dfl_loss  Instances       Size
                   all        173         85      0.665      0.824      0.696      0.433
[34m[1mEarlyStopping: [0mTraining stopped early as no improvement observed in last 100 epochs. Best results observed at epoch 192, best model saved as best.pt.
To update EarlyStopping(patience=100) pass a new patience value, i.e. `patience=300` or use `patience=0` to disable EarlyStopping.

292 epochs completed in 0.813 hours.
Optimizer stripped from /scratch/21ph10008/runs/train_btp_model/weights/last.pt, 5.5MB
Optimizer stripped from /scratch/21ph10008/runs/train_btp_model/weights/best.pt, 5.5MB

Validating /scratch/21ph10008/runs/train_btp_model/weights/best.pt...
Ultralytics 8.3.101 🚀 Python-3.10.13 torch-2.0.1+cu117 CUDA:0 (Tesla V100-PCIE-16GB, 16161MiB)
YOLO11n summary (fused): 100 layers, 2,582,347 parameters, 0 gradients, 6.3 GFLOPs
                   all        173         85      0.591      0.852      0.726      0.471
Speed: 0.8ms preprocess, 1.5ms inference, 0.0ms loss, 0.7ms postprocess per image
Results saved to [1m/scratch/21ph10008/runs/train_btp_model[0m
💡 Learn more at https://docs.ultralytics.com/modes/train
